<?xml version="1.0" encoding="UTF-8"?>
<testng-results skipped="0" failed="2" ignored="7" total="11" passed="2">
  <reporter-output>
  </reporter-output>
  <suite name="Default suite" duration-ms="284118" started-at="2019-08-16T16:18:16Z" finished-at="2019-08-16T16:23:01Z">
    <groups>
    </groups>
    <test name="Default test" duration-ms="284118" started-at="2019-08-16T16:18:16Z" finished-at="2019-08-16T16:23:01Z">
      <class name="com.fleetain.Testcase.AddVehiclePageTest">
        <test-method status="PASS" signature="setUp()[pri:0, instance:com.fleetain.Testcase.AddVehiclePageTest@22d9d]" name="setUp" is-config="true" duration-ms="119631" started-at="2019-08-16T16:18:16Z" finished-at="2019-08-16T16:20:16Z">
          <reporter-output>
          </reporter-output>
        </test-method> <!-- setUp -->
        <test-method status="PASS" signature="verify_Add_Vehicle_Page_Title()[pri:1, instance:com.fleetain.Testcase.AddVehiclePageTest@22d9d]" name="verify_Add_Vehicle_Page_Title" duration-ms="36" started-at="2019-08-16T16:20:16Z" finished-at="2019-08-16T16:20:16Z">
          <reporter-output>
          </reporter-output>
        </test-method> <!-- verify_Add_Vehicle_Page_Title -->
        <test-method status="PASS" signature="verify_correct_UserName_on_add_vehicle()[pri:2, instance:com.fleetain.Testcase.AddVehiclePageTest@22d9d]" name="verify_correct_UserName_on_add_vehicle" duration-ms="126" started-at="2019-08-16T16:20:16Z" finished-at="2019-08-16T16:20:16Z">
          <reporter-output>
          </reporter-output>
        </test-method> <!-- verify_correct_UserName_on_add_vehicle -->
        <test-method status="FAIL" signature="enter_Vehicle_Details(java.lang.String, java.lang.String, java.lang.String, java.lang.String, java.lang.String, java.lang.String, java.lang.String)[pri:3, instance:com.fleetain.Testcase.AddVehiclePageTest@22d9d]" name="enter_Vehicle_Details" duration-ms="105459" started-at="2019-08-16T16:20:18Z" data-provider="getVehicleTestData" finished-at="2019-08-16T16:22:03Z">
          <params>
            <param index="0">
              <value>
                <![CDATA[MH27AS5488]]>
              </value>
            </param>
            <param index="1">
              <value>
                <![CDATA[ Mahindra & Mahindra - MM5896]]>
              </value>
            </param>
            <param index="2">
              <value>
                <![CDATA[2018.0]]>
              </value>
            </param>
            <param index="3">
              <value>
                <![CDATA[Solapur]]>
              </value>
            </param>
            <param index="4">
              <value>
                <![CDATA[45689.0]]>
              </value>
            </param>
            <param index="5">
              <value>
                <![CDATA[MM5896]]>
              </value>
            </param>
            <param index="6">
              <value>
                <![CDATA[MAYUR D]]>
              </value>
            </param>
          </params>
          <exception class="org.openqa.selenium.NoSuchElementException">
            <message>
              <![CDATA[Cannot locate element with text: MM5896
For documentation on this error, please visit: http://seleniumhq.org/exceptions/no_such_element.html
Build info: version: '3.0.1', revision: '1969d75', time: '2016-10-18 09:49:13 -0700'
System info: host: 'PAVILION', ip: '192.168.43.2', os.name: 'Windows 8.1', os.arch: 'x86', os.version: '6.3', java.version: '1.8.0_191'
Driver info: driver.version: unknown]]>
            </message>
            <full-stacktrace>
              <![CDATA[org.openqa.selenium.NoSuchElementException: Cannot locate element with text: MM5896
For documentation on this error, please visit: http://seleniumhq.org/exceptions/no_such_element.html
Build info: version: '3.0.1', revision: '1969d75', time: '2016-10-18 09:49:13 -0700'
System info: host: 'PAVILION', ip: '192.168.43.2', os.name: 'Windows 8.1', os.arch: 'x86', os.version: '6.3', java.version: '1.8.0_191'
Driver info: driver.version: unknown
at org.openqa.selenium.support.ui.Select.selectByVisibleText(Select.java:151)
at com.fleetain.pages.AddVehiclePage.IdentificationDetailsofvehicle(AddVehiclePage.java:115)
at com.fleetain.Testcase.AddVehiclePageTest.enter_Vehicle_Details(AddVehiclePageTest.java:76)
at sun.reflect.NativeMethodAccessorImpl.invoke0(Native Method)
at sun.reflect.NativeMethodAccessorImpl.invoke(Unknown Source)
at sun.reflect.DelegatingMethodAccessorImpl.invoke(Unknown Source)
at java.lang.reflect.Method.invoke(Unknown Source)
at org.testng.internal.MethodInvocationHelper.invokeMethod(MethodInvocationHelper.java:124)
at org.testng.internal.Invoker.invokeMethod(Invoker.java:580)
at org.testng.internal.Invoker.invokeTestMethod(Invoker.java:716)
at org.testng.internal.Invoker.invokeTestMethods(Invoker.java:988)
at org.testng.internal.TestMethodWorker.invokeTestMethods(TestMethodWorker.java:125)
at org.testng.internal.TestMethodWorker.run(TestMethodWorker.java:109)
at org.testng.TestRunner.privateRun(TestRunner.java:648)
at org.testng.TestRunner.run(TestRunner.java:505)
at org.testng.SuiteRunner.runTest(SuiteRunner.java:455)
at org.testng.SuiteRunner.runSequentially(SuiteRunner.java:450)
at org.testng.SuiteRunner.privateRun(SuiteRunner.java:415)
at org.testng.SuiteRunner.run(SuiteRunner.java:364)
at org.testng.SuiteRunnerWorker.runSuite(SuiteRunnerWorker.java:52)
at org.testng.SuiteRunnerWorker.run(SuiteRunnerWorker.java:84)
at org.testng.TestNG.runSuitesSequentially(TestNG.java:1208)
at org.testng.TestNG.runSuitesLocally(TestNG.java:1137)
at org.testng.TestNG.runSuites(TestNG.java:1049)
at org.testng.TestNG.run(TestNG.java:1017)
at org.testng.remote.AbstractRemoteTestNG.run(AbstractRemoteTestNG.java:114)
at org.testng.remote.RemoteTestNG.initAndRun(RemoteTestNG.java:251)
at org.testng.remote.RemoteTestNG.main(RemoteTestNG.java:77)
]]>
            </full-stacktrace>
          </exception> <!-- org.openqa.selenium.NoSuchElementException -->
          <reporter-output>
          </reporter-output>
        </test-method> <!-- enter_Vehicle_Details -->
        <test-method status="FAIL" signature="enter_Vehicle_Details(java.lang.String, java.lang.String, java.lang.String, java.lang.String, java.lang.String, java.lang.String, java.lang.String)[pri:3, instance:com.fleetain.Testcase.AddVehiclePageTest@22d9d]" name="enter_Vehicle_Details" duration-ms="55206" started-at="2019-08-16T16:22:03Z" data-provider="getVehicleTestData" finished-at="2019-08-16T16:22:59Z">
          <params>
            <param index="0">
              <value>
                <![CDATA[MH14G8985]]>
              </value>
            </param>
            <param index="1">
              <value>
                <![CDATA[Eicher Motors - EE5896]]>
              </value>
            </param>
            <param index="2">
              <value>
                <![CDATA[2017.0]]>
              </value>
            </param>
            <param index="3">
              <value>
                <![CDATA[Kolhapur]]>
              </value>
            </param>
            <param index="4">
              <value>
                <![CDATA[48588.0]]>
              </value>
            </param>
            <param index="5">
              <value>
                <![CDATA[EE5896]]>
              </value>
            </param>
            <param index="6">
              <value>
                <![CDATA[CHAITANYA D]]>
              </value>
            </param>
          </params>
          <exception class="org.openqa.selenium.NoSuchElementException">
            <message>
              <![CDATA[Cannot locate element with text: EE5896
For documentation on this error, please visit: http://seleniumhq.org/exceptions/no_such_element.html
Build info: version: '3.0.1', revision: '1969d75', time: '2016-10-18 09:49:13 -0700'
System info: host: 'PAVILION', ip: '192.168.43.2', os.name: 'Windows 8.1', os.arch: 'x86', os.version: '6.3', java.version: '1.8.0_191'
Driver info: driver.version: unknown]]>
            </message>
            <full-stacktrace>
              <![CDATA[org.openqa.selenium.NoSuchElementException: Cannot locate element with text: EE5896
For documentation on this error, please visit: http://seleniumhq.org/exceptions/no_such_element.html
Build info: version: '3.0.1', revision: '1969d75', time: '2016-10-18 09:49:13 -0700'
System info: host: 'PAVILION', ip: '192.168.43.2', os.name: 'Windows 8.1', os.arch: 'x86', os.version: '6.3', java.version: '1.8.0_191'
Driver info: driver.version: unknown
at org.openqa.selenium.support.ui.Select.selectByVisibleText(Select.java:151)
at com.fleetain.pages.AddVehiclePage.IdentificationDetailsofvehicle(AddVehiclePage.java:115)
at com.fleetain.Testcase.AddVehiclePageTest.enter_Vehicle_Details(AddVehiclePageTest.java:76)
at sun.reflect.NativeMethodAccessorImpl.invoke0(Native Method)
at sun.reflect.NativeMethodAccessorImpl.invoke(Unknown Source)
at sun.reflect.DelegatingMethodAccessorImpl.invoke(Unknown Source)
at java.lang.reflect.Method.invoke(Unknown Source)
at org.testng.internal.MethodInvocationHelper.invokeMethod(MethodInvocationHelper.java:124)
at org.testng.internal.Invoker.invokeMethod(Invoker.java:580)
at org.testng.internal.Invoker.invokeTestMethod(Invoker.java:716)
at org.testng.internal.Invoker.invokeTestMethods(Invoker.java:988)
at org.testng.internal.TestMethodWorker.invokeTestMethods(TestMethodWorker.java:125)
at org.testng.internal.TestMethodWorker.run(TestMethodWorker.java:109)
at org.testng.TestRunner.privateRun(TestRunner.java:648)
at org.testng.TestRunner.run(TestRunner.java:505)
at org.testng.SuiteRunner.runTest(SuiteRunner.java:455)
at org.testng.SuiteRunner.runSequentially(SuiteRunner.java:450)
at org.testng.SuiteRunner.privateRun(SuiteRunner.java:415)
at org.testng.SuiteRunner.run(SuiteRunner.java:364)
at org.testng.SuiteRunnerWorker.runSuite(SuiteRunnerWorker.java:52)
at org.testng.SuiteRunnerWorker.run(SuiteRunnerWorker.java:84)
at org.testng.TestNG.runSuitesSequentially(TestNG.java:1208)
at org.testng.TestNG.runSuitesLocally(TestNG.java:1137)
at org.testng.TestNG.runSuites(TestNG.java:1049)
at org.testng.TestNG.run(TestNG.java:1017)
at org.testng.remote.AbstractRemoteTestNG.run(AbstractRemoteTestNG.java:114)
at org.testng.remote.RemoteTestNG.initAndRun(RemoteTestNG.java:251)
at org.testng.remote.RemoteTestNG.main(RemoteTestNG.java:77)
]]>
            </full-stacktrace>
          </exception> <!-- org.openqa.selenium.NoSuchElementException -->
          <reporter-output>
          </reporter-output>
        </test-method> <!-- enter_Vehicle_Details -->
        <test-method status="PASS" signature="closeBrowser()[pri:0, instance:com.fleetain.Testcase.AddVehiclePageTest@22d9d]" name="closeBrowser" is-config="true" duration-ms="2003" started-at="2019-08-16T16:22:59Z" finished-at="2019-08-16T16:23:01Z">
          <reporter-output>
          </reporter-output>
        </test-method> <!-- closeBrowser -->
      </class> <!-- com.fleetain.Testcase.AddVehiclePageTest -->
    </test> <!-- Default test -->
  </suite> <!-- Default suite -->
</testng-results>
